d:\down\bgi2010\bgi\debug\vc142.pdb
d:\down\bgi2010\bgi\debug\vc142.idb
d:\down\bgi2010\bgi\debug\thongtinkhaccessgrap.obj
d:\down\bgi2010\bgi\debug\text.obj
d:\down\bgi2010\bgi\debug\grap.obj
d:\down\bgi2010\bgi\debug\palette.obj
d:\down\bgi2010\bgi\debug\nhapkhoaccessgrap.obj
d:\down\bgi2010\bgi\debug\nhapkho.obj
d:\down\bgi2010\bgi\debug\mouse.obj
d:\down\bgi2010\bgi\debug\misc.obj
d:\down\bgi2010\bgi\debug\hoadonaccessgrap.obj
d:\down\bgi2010\bgi\debug\hoadon.obj
d:\down\bgi2010\bgi\debug\file.obj
d:\down\bgi2010\bgi\debug\drawing.obj
d:\down\bgi2010\bgi\debug\dibutil.obj
d:\down\bgi2010\bgi\debug\dataaccessgrap.obj
d:\down\bgi2010\bgi\debug\dalt.obj
d:\down\bgi2010\bgi\debug\cauhinhaccessgrap.obj
d:\down\bgi2010\bgi\debug\cauhinh.obj
d:\down\bgi2010\bgi\debug\bgiout.obj
d:\down\bgi2010\bgi\debug\accountaccessgrap.obj
d:\down\bgi2010\bgi\debug\account.obj
d:\down\bgi2010\bgi\debug\xuatkhoaccessgrap.obj
d:\down\bgi2010\bgi\debug\xuatkho.obj
d:\down\bgi2010\bgi\debug\winthread.obj
d:\down\bgi2010\bgi\debug\winbgi.obj
d:\down\bgi2010\bgi\debug\thongtinspaccessgrap.obj
d:\down\bgi2010\bgi\debug\thongtinsanpham.obj
d:\down\bgi2010\bgi\debug\thongtinnvaccessgrap.obj
d:\down\bgi2010\bgi\debug\thongtinnhanvien.obj
d:\down\bgi2010\bgi\debug\thongtinkhachhang.obj
d:\down\bgi2010\bgi\debug\khoaccessgrap.obj
d:\down\bgi2010\bgi\debug\kho.obj
d:\dalt\dalt_grap\debug\vc142.pdb
d:\dalt\dalt_grap\debug\vc142.idb
d:\dalt\dalt_grap\debug\grap.obj
d:\dalt\dalt_grap\debug\palette.obj
d:\dalt\dalt_grap\debug\nhapkhoaccessgrap.obj
d:\dalt\dalt_grap\debug\nhapkho.obj
d:\dalt\dalt_grap\debug\mouse.obj
d:\dalt\dalt_grap\debug\misc.obj
d:\dalt\dalt_grap\debug\khoaccessgrap.obj
d:\dalt\dalt_grap\debug\kho.obj
d:\dalt\dalt_grap\debug\hoadonaccessgrap.obj
d:\dalt\dalt_grap\debug\hoadon.obj
d:\dalt\dalt_grap\debug\file.obj
d:\dalt\dalt_grap\debug\drawing.obj
d:\dalt\dalt_grap\debug\dibutil.obj
d:\dalt\dalt_grap\debug\dataaccessgrap.obj
d:\dalt\dalt_grap\debug\dalt.obj
d:\dalt\dalt_grap\debug\cauhinhaccessgrap.obj
d:\dalt\dalt_grap\debug\cauhinh.obj
d:\dalt\dalt_grap\debug\bgiout.obj
d:\dalt\dalt_grap\debug\accountaccessgrap.obj
d:\dalt\dalt_grap\debug\account.obj
d:\dalt\dalt_grap\debug\xuatkhoaccessgrap.obj
d:\dalt\dalt_grap\debug\xuatkho.obj
d:\dalt\dalt_grap\debug\winthread.obj
d:\dalt\dalt_grap\debug\winbgi.obj
d:\dalt\dalt_grap\debug\thongtinspaccessgrap.obj
d:\dalt\dalt_grap\debug\thongtinsanpham.obj
d:\dalt\dalt_grap\debug\thongtinnvaccessgrap.obj
d:\dalt\dalt_grap\debug\thongtinnhanvien.obj
d:\dalt\dalt_grap\debug\thongtinkhachhang.obj
d:\dalt\dalt_grap\debug\thongtinkhaccessgrap.obj
d:\dalt\dalt_grap\debug\text.obj
d:\down\bgi2010\bgi\debug\bgi.exe
d:\down\bgi2010\bgi\debug\bgi.ilk
d:\down\bgi2010\bgi\debug\bgi.pdb
d:\dalt\dalt_grap\debug\bgi.exe
d:\dalt\dalt_grap\debug\bgi.ilk
d:\dalt\dalt_grap\debug\bgi.pdb
d:\dalt\dalt_grap\debug\bgi.tlog\cl.command.1.tlog
d:\dalt\dalt_grap\debug\bgi.tlog\cl.read.1.tlog
d:\dalt\dalt_grap\debug\bgi.tlog\cl.write.1.tlog
d:\dalt\dalt_grap\debug\bgi.tlog\link.command.1.tlog
d:\dalt\dalt_grap\debug\bgi.tlog\link.read.1.tlog
d:\dalt\dalt_grap\debug\bgi.tlog\link.write.1.tlog
